2024-08-08 07:52:14,144 - modules.facebook_scraper - [INFO] [C:\Users\erica\Pictures\API-Facebook\modules\facebook_scraper.py:117] - Data extracted for https://www.facebook.com/profeMikhailKrasnov - [8608:14428]
2024-08-08 07:53:26,785 - modules.facebook_scraper - [INFO] [C:\Users\erica\Pictures\API-Facebook\modules\facebook_scraper.py:117] - Data extracted for https://www.facebook.com/groups/164639504222784 - [8608:14428]
2024-08-08 07:54:34,568 - modules.facebook_scraper - [INFO] [C:\Users\erica\Pictures\API-Facebook\modules\facebook_scraper.py:117] - Data extracted for https://www.facebook.com/positivafmradio - [8608:14428]
2024-08-08 07:55:43,351 - modules.facebook_scraper - [INFO] [C:\Users\erica\Pictures\API-Facebook\modules\facebook_scraper.py:117] - Data extracted for https://www.facebook.com/groups/6669773836451212 - [8608:14428]
2024-08-08 07:55:46,498 - modules.facebook_scraper - [INFO] [C:\Users\erica\Pictures\API-Facebook\modules\facebook_scraper.py:120] - All data has been extracted - [8608:14428]
2024-08-08 07:59:58,640 - modules.facebook_scraper - [INFO] [C:\Users\erica\Pictures\API-Facebook\modules\facebook_scraper.py:117] - Data extracted for https://www.facebook.com/profeMikhailKrasnov - [11176:16296]
2024-08-08 08:00:39,025 - modules.facebook_scraper - [INFO] [C:\Users\erica\Pictures\API-Facebook\modules\facebook_scraper.py:117] - Data extracted for https://www.facebook.com/groups/164639504222784 - [11176:16296]
2024-08-08 08:00:50,200 - modules.facebook_scraper - [INFO] [C:\Users\erica\Pictures\API-Facebook\modules\facebook_scraper.py:117] - Data extracted for https://www.facebook.com/positivafmradio - [11176:16296]
2024-08-08 08:01:02,170 - modules.facebook_scraper - [INFO] [C:\Users\erica\Pictures\API-Facebook\modules\facebook_scraper.py:117] - Data extracted for https://www.facebook.com/groups/6669773836451212 - [11176:16296]
2024-08-08 08:01:05,002 - modules.facebook_scraper - [INFO] [C:\Users\erica\Pictures\API-Facebook\modules\facebook_scraper.py:120] - All data has been extracted - [11176:16296]
2024-08-08 08:06:01,780 - modules.facebook_scraper - [INFO] [C:\Users\erica\Pictures\API-Facebook\modules\facebook_scraper.py:117] - Data extracted for https://www.facebook.com/profeMikhailKrasnov - [15892:10480]
2024-08-08 08:07:15,813 - modules.facebook_scraper - [INFO] [C:\Users\erica\Pictures\API-Facebook\modules\facebook_scraper.py:117] - Data extracted for https://www.facebook.com/groups/164639504222784 - [15892:10480]
2024-08-08 08:08:26,100 - modules.facebook_scraper - [INFO] [C:\Users\erica\Pictures\API-Facebook\modules\facebook_scraper.py:117] - Data extracted for https://www.facebook.com/positivafmradio - [15892:10480]
2024-08-08 08:09:40,003 - modules.facebook_scraper - [INFO] [C:\Users\erica\Pictures\API-Facebook\modules\facebook_scraper.py:117] - Data extracted for https://www.facebook.com/groups/6669773836451212 - [15892:10480]
2024-08-08 08:09:42,993 - modules.facebook_scraper - [INFO] [C:\Users\erica\Pictures\API-Facebook\modules\facebook_scraper.py:120] - All data has been extracted - [15892:10480]
2024-08-08 08:24:59,246 - modules.facebook_scraper - [INFO] [C:\Users\erica\Pictures\API-Facebook\modules\facebook_scraper.py:117] - Data extracted for https://www.facebook.com/groups/164639504222784 - [10888:13276]
2024-08-08 08:26:07,472 - modules.facebook_scraper - [INFO] [C:\Users\erica\Pictures\API-Facebook\modules\facebook_scraper.py:117] - Data extracted for https://www.facebook.com/positivafmradio - [10888:13276]
2024-08-08 08:27:23,561 - modules.facebook_scraper - [INFO] [C:\Users\erica\Pictures\API-Facebook\modules\facebook_scraper.py:117] - Data extracted for https://www.facebook.com/groups/6669773836451212 - [10888:13276]
2024-08-08 08:28:35,491 - modules.facebook_scraper - [INFO] [C:\Users\erica\Pictures\API-Facebook\modules\facebook_scraper.py:117] - Data extracted for https://www.facebook.com/profeMikhailKrasnov - [10888:13276]
2024-08-08 08:28:38,997 - modules.facebook_scraper - [INFO] [C:\Users\erica\Pictures\API-Facebook\modules\facebook_scraper.py:120] - All data has been extracted - [10888:13276]
2024-08-08 08:34:58,912 - modules.facebook_scraper - [INFO] [C:\Users\erica\Pictures\API-Facebook\modules\facebook_scraper.py:117] - Data extracted for https://www.facebook.com/profeMikhailKrasnov - [14088:13448]
2024-08-08 08:36:11,256 - modules.facebook_scraper - [INFO] [C:\Users\erica\Pictures\API-Facebook\modules\facebook_scraper.py:117] - Data extracted for https://www.facebook.com/groups/164639504222784 - [14088:13448]
2024-08-08 08:37:21,342 - modules.facebook_scraper - [INFO] [C:\Users\erica\Pictures\API-Facebook\modules\facebook_scraper.py:117] - Data extracted for https://www.facebook.com/positivafmradio - [14088:13448]
2024-08-08 08:38:31,921 - modules.facebook_scraper - [INFO] [C:\Users\erica\Pictures\API-Facebook\modules\facebook_scraper.py:117] - Data extracted for https://www.facebook.com/groups/6669773836451212 - [14088:13448]
2024-08-08 08:38:34,996 - modules.facebook_scraper - [INFO] [C:\Users\erica\Pictures\API-Facebook\modules\facebook_scraper.py:120] - All data has been extracted - [14088:13448]
2024-08-08 08:58:18,420 - modules.facebook_scraper - [INFO] [C:\Users\erica\Pictures\API-Facebook\modules\facebook_scraper.py:117] - Data extracted for https://www.facebook.com/profeMikhailKrasnov - [14392:10564]
2024-08-08 08:58:31,808 - modules.facebook_scraper - [INFO] [C:\Users\erica\Pictures\API-Facebook\modules\facebook_scraper.py:117] - Data extracted for https://www.facebook.com/groups/164639504222784 - [14392:10564]
2024-08-08 08:58:46,966 - modules.facebook_scraper - [INFO] [C:\Users\erica\Pictures\API-Facebook\modules\facebook_scraper.py:117] - Data extracted for https://www.facebook.com/positivafmradio - [14392:10564]
2024-08-08 08:58:58,450 - modules.facebook_scraper - [INFO] [C:\Users\erica\Pictures\API-Facebook\modules\facebook_scraper.py:117] - Data extracted for https://www.facebook.com/groups/6669773836451212 - [14392:10564]
2024-08-08 08:59:01,491 - modules.facebook_scraper - [INFO] [C:\Users\erica\Pictures\API-Facebook\modules\facebook_scraper.py:120] - All data has been extracted - [14392:10564]
2024-08-08 09:02:37,469 - modules.facebook_scraper - [INFO] [C:\Users\erica\Pictures\API-Facebook\modules\facebook_scraper.py:117] - Data extracted for https://www.facebook.com/profeMikhailKrasnov - [16160:1732]
2024-08-08 09:03:48,511 - modules.facebook_scraper - [INFO] [C:\Users\erica\Pictures\API-Facebook\modules\facebook_scraper.py:117] - Data extracted for https://www.facebook.com/groups/164639504222784 - [16160:1732]
2024-08-08 09:04:56,249 - modules.facebook_scraper - [INFO] [C:\Users\erica\Pictures\API-Facebook\modules\facebook_scraper.py:117] - Data extracted for https://www.facebook.com/positivafmradio - [16160:1732]
2024-08-08 09:06:07,572 - modules.facebook_scraper - [INFO] [C:\Users\erica\Pictures\API-Facebook\modules\facebook_scraper.py:117] - Data extracted for https://www.facebook.com/groups/6669773836451212 - [16160:1732]
2024-08-08 09:06:11,886 - modules.facebook_scraper - [INFO] [C:\Users\erica\Pictures\API-Facebook\modules\facebook_scraper.py:120] - All data has been extracted - [16160:1732]
2024-08-08 09:11:56,142 - modules.facebook_scraper - [INFO] [C:\Users\erica\Pictures\API-Facebook\modules\facebook_scraper.py:117] - Data extracted for https://www.facebook.com/profeMikhailKrasnov - [9092:14940]
2024-08-08 09:12:08,771 - modules.facebook_scraper - [INFO] [C:\Users\erica\Pictures\API-Facebook\modules\facebook_scraper.py:117] - Data extracted for https://www.facebook.com/groups/164639504222784 - [9092:14940]
2024-08-08 09:13:50,609 - modules.facebook_scraper - [INFO] [C:\Users\erica\Pictures\API-Facebook\modules\facebook_scraper.py:117] - Data extracted for https://www.facebook.com/positivafmradio - [9092:14940]
2024-08-08 09:14:59,830 - modules.facebook_scraper - [INFO] [C:\Users\erica\Pictures\API-Facebook\modules\facebook_scraper.py:117] - Data extracted for https://www.facebook.com/groups/6669773836451212 - [9092:14940]
2024-08-08 09:15:02,793 - modules.facebook_scraper - [INFO] [C:\Users\erica\Pictures\API-Facebook\modules\facebook_scraper.py:120] - All data has been extracted - [9092:14940]
2024-08-08 09:20:20,118 - modules.facebook_scraper - [INFO] [C:\Users\erica\Pictures\API-Facebook\modules\facebook_scraper.py:117] - Data extracted for https://www.facebook.com/profeMikhailKrasnov - [2900:3324]
2024-08-08 09:21:29,294 - modules.facebook_scraper - [INFO] [C:\Users\erica\Pictures\API-Facebook\modules\facebook_scraper.py:117] - Data extracted for https://www.facebook.com/groups/164639504222784 - [2900:3324]
2024-08-08 09:22:37,974 - modules.facebook_scraper - [INFO] [C:\Users\erica\Pictures\API-Facebook\modules\facebook_scraper.py:117] - Data extracted for https://www.facebook.com/positivafmradio - [2900:3324]
2024-08-08 09:23:47,658 - modules.facebook_scraper - [INFO] [C:\Users\erica\Pictures\API-Facebook\modules\facebook_scraper.py:117] - Data extracted for https://www.facebook.com/groups/6669773836451212 - [2900:3324]
2024-08-08 09:23:51,539 - modules.facebook_scraper - [INFO] [C:\Users\erica\Pictures\API-Facebook\modules\facebook_scraper.py:120] - All data has been extracted - [2900:3324]
2024-08-08 09:35:26,482 - modules.facebook_scraper - [INFO] [C:\Users\erica\Pictures\API-Facebook\modules\facebook_scraper.py:117] - Data extracted for https://www.facebook.com/profeMikhailKrasnov - [8632:4740]
2024-08-08 09:36:43,974 - modules.facebook_scraper - [INFO] [C:\Users\erica\Pictures\API-Facebook\modules\facebook_scraper.py:117] - Data extracted for https://www.facebook.com/groups/164639504222784 - [8632:4740]
2024-08-08 09:37:56,733 - modules.facebook_scraper - [INFO] [C:\Users\erica\Pictures\API-Facebook\modules\facebook_scraper.py:117] - Data extracted for https://www.facebook.com/positivafmradio - [8632:4740]
2024-08-08 09:39:13,186 - modules.facebook_scraper - [INFO] [C:\Users\erica\Pictures\API-Facebook\modules\facebook_scraper.py:117] - Data extracted for https://www.facebook.com/groups/6669773836451212 - [8632:4740]
2024-08-08 09:39:16,218 - modules.facebook_scraper - [INFO] [C:\Users\erica\Pictures\API-Facebook\modules\facebook_scraper.py:120] - All data has been extracted - [8632:4740]
2024-08-08 09:45:32,800 - modules.facebook_scraper - [INFO] [C:\Users\erica\Pictures\API-Facebook\modules\facebook_scraper.py:117] - Data extracted for https://www.facebook.com/profeMikhailKrasnov - [12320:11416]
2024-08-08 09:46:43,548 - modules.facebook_scraper - [INFO] [C:\Users\erica\Pictures\API-Facebook\modules\facebook_scraper.py:117] - Data extracted for https://www.facebook.com/groups/164639504222784 - [12320:11416]
2024-08-08 09:47:53,625 - modules.facebook_scraper - [INFO] [C:\Users\erica\Pictures\API-Facebook\modules\facebook_scraper.py:117] - Data extracted for https://www.facebook.com/positivafmradio - [12320:11416]
2024-08-08 09:49:03,181 - modules.facebook_scraper - [INFO] [C:\Users\erica\Pictures\API-Facebook\modules\facebook_scraper.py:117] - Data extracted for https://www.facebook.com/groups/6669773836451212 - [12320:11416]
2024-08-08 09:49:06,843 - modules.facebook_scraper - [INFO] [C:\Users\erica\Pictures\API-Facebook\modules\facebook_scraper.py:120] - All data has been extracted - [12320:11416]
2024-08-08 09:59:00,824 - modules.facebook_scraper - [INFO] [C:\Users\erica\Pictures\API-Facebook\modules\facebook_scraper.py:117] - Data extracted for https://www.facebook.com/profeMikhailKrasnov - [12216:8996]
2024-08-08 09:59:10,819 - modules.facebook_scraper - [INFO] [C:\Users\erica\Pictures\API-Facebook\modules\facebook_scraper.py:117] - Data extracted for https://www.facebook.com/groups/164639504222784 - [12216:8996]
2024-08-08 10:00:18,943 - modules.facebook_scraper - [INFO] [C:\Users\erica\Pictures\API-Facebook\modules\facebook_scraper.py:117] - Data extracted for https://www.facebook.com/positivafmradio - [12216:8996]
2024-08-08 10:01:38,875 - modules.facebook_scraper - [INFO] [C:\Users\erica\Pictures\API-Facebook\modules\facebook_scraper.py:117] - Data extracted for https://www.facebook.com/groups/6669773836451212 - [12216:8996]
2024-08-08 10:01:41,707 - modules.facebook_scraper - [INFO] [C:\Users\erica\Pictures\API-Facebook\modules\facebook_scraper.py:120] - All data has been extracted - [12216:8996]
2024-08-08 10:03:35,623 - modules.facebook_scraper - [INFO] [C:\Users\erica\Pictures\API-Facebook\modules\facebook_scraper.py:117] - Data extracted for https://www.facebook.com/profeMikhailKrasnov - [12216:13148]
2024-08-08 10:03:45,048 - modules.facebook_scraper - [INFO] [C:\Users\erica\Pictures\API-Facebook\modules\facebook_scraper.py:117] - Data extracted for https://www.facebook.com/groups/164639504222784 - [12216:13148]
2024-08-08 10:04:51,672 - modules.facebook_scraper - [INFO] [C:\Users\erica\Pictures\API-Facebook\modules\facebook_scraper.py:117] - Data extracted for https://www.facebook.com/positivafmradio - [12216:13148]
2024-08-08 10:06:04,863 - modules.facebook_scraper - [INFO] [C:\Users\erica\Pictures\API-Facebook\modules\facebook_scraper.py:117] - Data extracted for https://www.facebook.com/groups/6669773836451212 - [12216:13148]
2024-08-08 10:06:07,579 - modules.facebook_scraper - [INFO] [C:\Users\erica\Pictures\API-Facebook\modules\facebook_scraper.py:120] - All data has been extracted - [12216:13148]
2024-08-11 17:30:26,578 - modules.facebook_scraper - [INFO] [C:\Users\erica\Documents\API-Facebook_pagina_web\modules\facebook_scraper.py:117] - Data extracted for https://www.facebook.com/profeMikhailKrasnov - [7732:14240]
2024-08-11 17:30:36,789 - modules.facebook_scraper - [INFO] [C:\Users\erica\Documents\API-Facebook_pagina_web\modules\facebook_scraper.py:117] - Data extracted for https://www.facebook.com/groups/164639504222784 - [7732:14240]
2024-08-11 17:31:44,386 - modules.facebook_scraper - [INFO] [C:\Users\erica\Documents\API-Facebook_pagina_web\modules\facebook_scraper.py:117] - Data extracted for https://www.facebook.com/positivafmradio - [7732:14240]
2024-08-11 17:32:53,827 - modules.facebook_scraper - [INFO] [C:\Users\erica\Documents\API-Facebook_pagina_web\modules\facebook_scraper.py:117] - Data extracted for https://www.facebook.com/groups/6669773836451212 - [7732:14240]
2024-08-11 17:32:57,190 - modules.facebook_scraper - [INFO] [C:\Users\erica\Documents\API-Facebook_pagina_web\modules\facebook_scraper.py:120] - All data has been extracted - [7732:14240]
2024-08-20 19:32:31,147 - modules.facebook_scraper - [INFO] [C:\Users\erica\Documents\API-Facebook_pagina_web\modules\facebook_scraper.py:117] - Data extracted for https://www.facebook.com/profeMikhailKrasnov - [8752:2772]
2024-08-20 19:32:41,518 - modules.facebook_scraper - [INFO] [C:\Users\erica\Documents\API-Facebook_pagina_web\modules\facebook_scraper.py:117] - Data extracted for https://www.facebook.com/groups/164639504222784 - [8752:2772]
2024-08-20 19:33:49,489 - modules.facebook_scraper - [INFO] [C:\Users\erica\Documents\API-Facebook_pagina_web\modules\facebook_scraper.py:117] - Data extracted for https://www.facebook.com/positivafmradio - [8752:2772]
2024-08-20 19:35:02,419 - modules.facebook_scraper - [INFO] [C:\Users\erica\Documents\API-Facebook_pagina_web\modules\facebook_scraper.py:117] - Data extracted for https://www.facebook.com/groups/6669773836451212 - [8752:2772]
2024-08-20 19:35:05,403 - modules.facebook_scraper - [INFO] [C:\Users\erica\Documents\API-Facebook_pagina_web\modules\facebook_scraper.py:120] - All data has been extracted - [8752:2772]
2024-09-07 14:34:21,005 - modules.facebook_scraper - [ERROR] [C:\Users\erica\Documents\API-Facebook_pagina_web\modules\facebook_scraper.py:91] - Error scraping posts: Message: no such window: target window already closed
from unknown error: web view not found
  (Session info: chrome=128.0.6613.120)
Stacktrace:
	GetHandleVerifier [0x00007FF7C9C0B5D2+29090]
	(No symbol) [0x00007FF7C9B7E689]
	(No symbol) [0x00007FF7C9A3B1CA]
	(No symbol) [0x00007FF7C9A0FAF5]
	(No symbol) [0x00007FF7C9ABE2E7]
	(No symbol) [0x00007FF7C9AD5EE1]
	(No symbol) [0x00007FF7C9AB6493]
	(No symbol) [0x00007FF7C9A809B1]
	(No symbol) [0x00007FF7C9A81B11]
	GetHandleVerifier [0x00007FF7C9F28C5D+3295277]
	GetHandleVerifier [0x00007FF7C9F74843+3605523]
	GetHandleVerifier [0x00007FF7C9F6A707+3564247]
	GetHandleVerifier [0x00007FF7C9CC6EB6+797318]
	(No symbol) [0x00007FF7C9B8980F]
	(No symbol) [0x00007FF7C9B853F4]
	(No symbol) [0x00007FF7C9B85580]
	(No symbol) [0x00007FF7C9B74A1F]
	BaseThreadInitThunk [0x00007FF9489C7374+20]
	RtlUserThreadStart [0x00007FF949E5CC91+33]
 - [7672:10500]
2024-09-07 14:34:21,014 - modules.facebook_scraper - [INFO] [C:\Users\erica\Documents\API-Facebook_pagina_web\modules\facebook_scraper.py:117] - Data extracted for https://www.facebook.com/profeMikhailKrasnov - [7672:10500]
2024-09-07 14:41:55,273 - modules.facebook_scraper - [INFO] [C:\Users\erica\Documents\API-Facebook_pagina_web\modules\facebook_scraper.py:117] - Data extracted for https://www.facebook.com/profeMikhailKrasnov - [14000:5468]
2024-09-07 14:41:57,601 - modules.facebook_scraper - [INFO] [C:\Users\erica\Documents\API-Facebook_pagina_web\modules\facebook_scraper.py:120] - All data has been extracted - [14000:5468]
2024-09-07 14:44:51,608 - modules.facebook_scraper - [INFO] [C:\Users\erica\Documents\API-Facebook_pagina_web\modules\facebook_scraper.py:117] - Data extracted for https://www.facebook.com/profeMikhailKrasnov - [2328:5680]
2024-09-07 14:44:53,879 - modules.facebook_scraper - [INFO] [C:\Users\erica\Documents\API-Facebook_pagina_web\modules\facebook_scraper.py:120] - All data has been extracted - [2328:5680]
2024-09-07 14:47:02,713 - modules.facebook_scraper - [ERROR] [C:\Users\erica\Documents\API-Facebook_pagina_web\modules\facebook_scraper.py:91] - Error scraping posts: Message: no such window: target window already closed
from unknown error: web view not found
  (Session info: chrome=128.0.6613.120)
Stacktrace:
	GetHandleVerifier [0x00007FF7C9C0B5D2+29090]
	(No symbol) [0x00007FF7C9B7E689]
	(No symbol) [0x00007FF7C9A3B1CA]
	(No symbol) [0x00007FF7C9A0FAF5]
	(No symbol) [0x00007FF7C9ABE2E7]
	(No symbol) [0x00007FF7C9AD5EE1]
	(No symbol) [0x00007FF7C9AB6493]
	(No symbol) [0x00007FF7C9A809B1]
	(No symbol) [0x00007FF7C9A81B11]
	GetHandleVerifier [0x00007FF7C9F28C5D+3295277]
	GetHandleVerifier [0x00007FF7C9F74843+3605523]
	GetHandleVerifier [0x00007FF7C9F6A707+3564247]
	GetHandleVerifier [0x00007FF7C9CC6EB6+797318]
	(No symbol) [0x00007FF7C9B8980F]
	(No symbol) [0x00007FF7C9B853F4]
	(No symbol) [0x00007FF7C9B85580]
	(No symbol) [0x00007FF7C9B74A1F]
	BaseThreadInitThunk [0x00007FF9489C7374+20]
	RtlUserThreadStart [0x00007FF949E5CC91+33]
 - [2328:11512]
2024-09-07 14:47:02,721 - modules.facebook_scraper - [INFO] [C:\Users\erica\Documents\API-Facebook_pagina_web\modules\facebook_scraper.py:117] - Data extracted for https://www.facebook.com/profeMikhailKrasnov - [2328:11512]
2024-09-07 14:47:04,745 - modules.facebook_scraper - [INFO] [C:\Users\erica\Documents\API-Facebook_pagina_web\modules\facebook_scraper.py:120] - All data has been extracted - [2328:11512]
2024-09-07 14:49:41,336 - modules.facebook_scraper - [INFO] [C:\Users\erica\Documents\API-Facebook_pagina_web\modules\facebook_scraper.py:117] - Data extracted for https://www.facebook.com/profeMikhailKrasnov - [13316:2304]
2024-09-07 14:50:21,314 - modules.facebook_scraper - [INFO] [C:\Users\erica\Documents\API-Facebook_pagina_web\modules\facebook_scraper.py:117] - Data extracted for https://www.facebook.com/groups/164639504222784 - [13316:2304]
2024-09-07 14:50:53,672 - modules.facebook_scraper - [INFO] [C:\Users\erica\Documents\API-Facebook_pagina_web\modules\facebook_scraper.py:117] - Data extracted for https://www.facebook.com/positivafmradio - [13316:2304]
2024-09-07 14:51:24,112 - modules.facebook_scraper - [INFO] [C:\Users\erica\Documents\API-Facebook_pagina_web\modules\facebook_scraper.py:117] - Data extracted for https://www.facebook.com/groups/6669773836451212 - [13316:2304]
2024-09-07 14:51:26,458 - modules.facebook_scraper - [INFO] [C:\Users\erica\Documents\API-Facebook_pagina_web\modules\facebook_scraper.py:120] - All data has been extracted - [13316:2304]
2024-09-07 14:53:49,014 - modules.facebook_scraper - [ERROR] [C:\Users\erica\Documents\API-Facebook_pagina_web\modules\facebook_scraper.py:91] - Error scraping posts: Message: no such window: target window already closed
from unknown error: web view not found
  (Session info: chrome=128.0.6613.120)
Stacktrace:
	GetHandleVerifier [0x00007FF7C9C0B5D2+29090]
	(No symbol) [0x00007FF7C9B7E689]
	(No symbol) [0x00007FF7C9A3B1CA]
	(No symbol) [0x00007FF7C9A0FAF5]
	(No symbol) [0x00007FF7C9ABE2E7]
	(No symbol) [0x00007FF7C9AD5EE1]
	(No symbol) [0x00007FF7C9AB6493]
	(No symbol) [0x00007FF7C9A809B1]
	(No symbol) [0x00007FF7C9A81B11]
	GetHandleVerifier [0x00007FF7C9F28C5D+3295277]
	GetHandleVerifier [0x00007FF7C9F74843+3605523]
	GetHandleVerifier [0x00007FF7C9F6A707+3564247]
	GetHandleVerifier [0x00007FF7C9CC6EB6+797318]
	(No symbol) [0x00007FF7C9B8980F]
	(No symbol) [0x00007FF7C9B853F4]
	(No symbol) [0x00007FF7C9B85580]
	(No symbol) [0x00007FF7C9B74A1F]
	BaseThreadInitThunk [0x00007FF9489C7374+20]
	RtlUserThreadStart [0x00007FF949E5CC91+33]
 - [5244:2204]
2024-09-07 14:53:49,021 - modules.facebook_scraper - [INFO] [C:\Users\erica\Documents\API-Facebook_pagina_web\modules\facebook_scraper.py:117] - Data extracted for https://www.facebook.com/profeMikhailKrasnov - [5244:2204]
2024-09-07 14:55:03,430 - modules.facebook_scraper - [INFO] [C:\Users\erica\Documents\API-Facebook_pagina_web\modules\facebook_scraper.py:117] - Data extracted for https://www.facebook.com/profeMikhailKrasnov - [5244:9940]
2024-09-07 14:55:16,347 - modules.facebook_scraper - [INFO] [C:\Users\erica\Documents\API-Facebook_pagina_web\modules\facebook_scraper.py:117] - Data extracted for https://www.facebook.com/groups/164639504222784 - [5244:9940]
2024-09-07 14:56:27,977 - modules.facebook_scraper - [INFO] [C:\Users\erica\Documents\API-Facebook_pagina_web\modules\facebook_scraper.py:117] - Data extracted for https://www.facebook.com/positivafmradio - [5244:9940]
2024-09-07 14:57:36,924 - modules.facebook_scraper - [INFO] [C:\Users\erica\Documents\API-Facebook_pagina_web\modules\facebook_scraper.py:117] - Data extracted for https://www.facebook.com/groups/6669773836451212 - [5244:9940]
2024-09-07 14:57:39,259 - modules.facebook_scraper - [INFO] [C:\Users\erica\Documents\API-Facebook_pagina_web\modules\facebook_scraper.py:120] - All data has been extracted - [5244:9940]
2024-09-07 15:00:26,805 - modules.facebook_scraper - [INFO] [C:\Users\erica\Documents\API-Facebook_pagina_web\modules\facebook_scraper.py:117] - Data extracted for https://www.facebook.com/profeMikhailKrasnov - [9376:1500]
2024-09-07 15:00:40,737 - modules.facebook_scraper - [INFO] [C:\Users\erica\Documents\API-Facebook_pagina_web\modules\facebook_scraper.py:117] - Data extracted for https://www.facebook.com/groups/164639504222784 - [9376:1500]
2024-09-07 15:01:10,076 - modules.facebook_scraper - [INFO] [C:\Users\erica\Documents\API-Facebook_pagina_web\modules\facebook_scraper.py:117] - Data extracted for https://www.facebook.com/positivafmradio - [9376:1500]
2024-09-07 15:02:21,027 - modules.facebook_scraper - [INFO] [C:\Users\erica\Documents\API-Facebook_pagina_web\modules\facebook_scraper.py:117] - Data extracted for https://www.facebook.com/groups/6669773836451212 - [9376:1500]
2024-09-07 15:02:23,325 - modules.facebook_scraper - [INFO] [C:\Users\erica\Documents\API-Facebook_pagina_web\modules\facebook_scraper.py:120] - All data has been extracted - [9376:1500]
2024-09-07 15:11:29,113 - modules.facebook_scraper - [INFO] [C:\Users\erica\Documents\API-Facebook_pagina_web\modules\facebook_scraper.py:117] - Data extracted for https://www.facebook.com/profeMikhailKrasnov - [12560:16776]
2024-09-07 15:11:52,104 - modules.facebook_scraper - [INFO] [C:\Users\erica\Documents\API-Facebook_pagina_web\modules\facebook_scraper.py:117] - Data extracted for https://www.facebook.com/groups/164639504222784 - [12560:16776]
2024-09-07 15:12:31,405 - modules.facebook_scraper - [INFO] [C:\Users\erica\Documents\API-Facebook_pagina_web\modules\facebook_scraper.py:117] - Data extracted for https://www.facebook.com/positivafmradio - [12560:16776]
2024-09-07 15:13:36,533 - modules.facebook_scraper - [INFO] [C:\Users\erica\Documents\API-Facebook_pagina_web\modules\facebook_scraper.py:117] - Data extracted for https://www.facebook.com/groups/6669773836451212 - [12560:16776]
2024-09-07 15:13:38,813 - modules.facebook_scraper - [INFO] [C:\Users\erica\Documents\API-Facebook_pagina_web\modules\facebook_scraper.py:120] - All data has been extracted - [12560:16776]
2024-09-07 15:18:15,651 - modules.facebook_scraper - [INFO] [C:\Users\erica\Documents\API-Facebook_pagina_web\modules\facebook_scraper.py:117] - Data extracted for https://www.facebook.com/profeMikhailKrasnov - [10316:12060]
2024-09-07 15:18:18,904 - modules.facebook_scraper - [INFO] [C:\Users\erica\Documents\API-Facebook_pagina_web\modules\facebook_scraper.py:120] - All data has been extracted - [10316:12060]
2024-09-07 15:25:22,257 - modules.facebook_scraper - [INFO] [C:\Users\erica\Documents\API-Facebook_pagina_web\modules\facebook_scraper.py:117] - Data extracted for https://www.facebook.com/profeMikhailKrasnov - [16192:12544]
2024-09-07 15:25:33,338 - modules.facebook_scraper - [INFO] [C:\Users\erica\Documents\API-Facebook_pagina_web\modules\facebook_scraper.py:117] - Data extracted for https://www.facebook.com/groups/164639504222784 - [16192:12544]
2024-09-07 15:26:44,514 - modules.facebook_scraper - [INFO] [C:\Users\erica\Documents\API-Facebook_pagina_web\modules\facebook_scraper.py:117] - Data extracted for https://www.facebook.com/positivafmradio - [16192:12544]
2024-09-07 15:27:54,819 - modules.facebook_scraper - [INFO] [C:\Users\erica\Documents\API-Facebook_pagina_web\modules\facebook_scraper.py:117] - Data extracted for https://www.facebook.com/groups/6669773836451212 - [16192:12544]
2024-09-07 15:27:57,139 - modules.facebook_scraper - [INFO] [C:\Users\erica\Documents\API-Facebook_pagina_web\modules\facebook_scraper.py:120] - All data has been extracted - [16192:12544]
2024-09-07 15:39:37,356 - modules.facebook_scraper - [INFO] [C:\Users\erica\Documents\API-Facebook_pagina_web\modules\facebook_scraper.py:117] - Data extracted for https://www.facebook.com/profeMikhailKrasnov - [11052:17056]
2024-09-07 15:39:56,847 - modules.facebook_scraper - [INFO] [C:\Users\erica\Documents\API-Facebook_pagina_web\modules\facebook_scraper.py:117] - Data extracted for https://www.facebook.com/groups/164639504222784 - [11052:17056]
2024-09-07 15:41:11,577 - modules.facebook_scraper - [INFO] [C:\Users\erica\Documents\API-Facebook_pagina_web\modules\facebook_scraper.py:117] - Data extracted for https://www.facebook.com/positivafmradio - [11052:17056]
2024-09-07 15:42:10,901 - modules.facebook_scraper - [INFO] [C:\Users\erica\Documents\API-Facebook_pagina_web\modules\facebook_scraper.py:117] - Data extracted for https://www.facebook.com/groups/6669773836451212 - [11052:17056]
2024-09-07 15:42:13,217 - modules.facebook_scraper - [INFO] [C:\Users\erica\Documents\API-Facebook_pagina_web\modules\facebook_scraper.py:120] - All data has been extracted - [11052:17056]
2024-09-07 15:45:20,421 - modules.facebook_scraper - [ERROR] [C:\Users\erica\Documents\API-Facebook_pagina_web\modules\facebook_scraper.py:91] - Error scraping posts: Message: no such window: target window already closed
from unknown error: web view not found
  (Session info: chrome=128.0.6613.120)
Stacktrace:
	GetHandleVerifier [0x00007FF673E9B5D2+29090]
	(No symbol) [0x00007FF673E0E689]
	(No symbol) [0x00007FF673CCB1CA]
	(No symbol) [0x00007FF673C9FAF5]
	(No symbol) [0x00007FF673D4E2E7]
	(No symbol) [0x00007FF673D65EE1]
	(No symbol) [0x00007FF673D46493]
	(No symbol) [0x00007FF673D109B1]
	(No symbol) [0x00007FF673D11B11]
	GetHandleVerifier [0x00007FF6741B8C5D+3295277]
	GetHandleVerifier [0x00007FF674204843+3605523]
	GetHandleVerifier [0x00007FF6741FA707+3564247]
	GetHandleVerifier [0x00007FF673F56EB6+797318]
	(No symbol) [0x00007FF673E1980F]
	(No symbol) [0x00007FF673E153F4]
	(No symbol) [0x00007FF673E15580]
	(No symbol) [0x00007FF673E04A1F]
	BaseThreadInitThunk [0x00007FF9489C7374+20]
	RtlUserThreadStart [0x00007FF949E5CC91+33]
 - [8928:5868]
2024-09-07 15:45:20,427 - modules.facebook_scraper - [INFO] [C:\Users\erica\Documents\API-Facebook_pagina_web\modules\facebook_scraper.py:117] - Data extracted for https://www.facebook.com/profeMikhailKrasnov - [8928:5868]
2024-09-07 15:46:16,518 - modules.facebook_scraper - [INFO] [C:\Users\erica\Documents\API-Facebook_pagina_web\modules\facebook_scraper.py:117] - Data extracted for https://www.facebook.com/profeMikhailKrasnov - [8928:13836]
2024-09-07 15:46:18,755 - modules.facebook_scraper - [INFO] [C:\Users\erica\Documents\API-Facebook_pagina_web\modules\facebook_scraper.py:120] - All data has been extracted - [8928:13836]
2024-09-07 15:52:13,161 - modules.facebook_scraper - [INFO] [C:\Users\erica\Documents\API-Facebook_pagina_web\modules\facebook_scraper.py:117] - Data extracted for https://www.facebook.com/profeMikhailKrasnov - [12692:6748]
2024-09-07 15:52:15,404 - modules.facebook_scraper - [INFO] [C:\Users\erica\Documents\API-Facebook_pagina_web\modules\facebook_scraper.py:120] - All data has been extracted - [12692:6748]
2024-09-07 15:58:18,821 - modules.facebook_scraper - [INFO] [C:\Users\erica\Documents\API-Facebook_pagina_web\modules\facebook_scraper.py:117] - Data extracted for https://www.facebook.com/profeMikhailKrasnov - [4352:16404]
2024-09-07 15:58:32,702 - modules.facebook_scraper - [INFO] [C:\Users\erica\Documents\API-Facebook_pagina_web\modules\facebook_scraper.py:117] - Data extracted for https://www.facebook.com/groups/164639504222784 - [4352:16404]
2024-09-07 15:59:43,291 - modules.facebook_scraper - [INFO] [C:\Users\erica\Documents\API-Facebook_pagina_web\modules\facebook_scraper.py:117] - Data extracted for https://www.facebook.com/positivafmradio - [4352:16404]
2024-09-07 16:00:04,453 - modules.facebook_scraper - [INFO] [C:\Users\erica\Documents\API-Facebook_pagina_web\modules\facebook_scraper.py:117] - Data extracted for https://www.facebook.com/groups/6669773836451212 - [4352:16404]
2024-09-07 16:00:06,748 - modules.facebook_scraper - [INFO] [C:\Users\erica\Documents\API-Facebook_pagina_web\modules\facebook_scraper.py:120] - All data has been extracted - [4352:16404]
2024-09-07 16:05:11,043 - modules.facebook_scraper - [INFO] [C:\Users\erica\Documents\API-Facebook_pagina_web\modules\facebook_scraper.py:117] - Data extracted for https://www.facebook.com/positivafmradio - [8552:2460]
2024-09-07 16:05:13,384 - modules.facebook_scraper - [INFO] [C:\Users\erica\Documents\API-Facebook_pagina_web\modules\facebook_scraper.py:120] - All data has been extracted - [8552:2460]
2024-09-07 16:23:44,962 - modules.facebook_scraper - [INFO] [C:\Users\erica\Documents\API-Facebook_pagina_web\modules\facebook_scraper.py:114] - Scraping https://www.facebook.com/profeMikhailKrasnov - [11900:8712]
2024-09-07 16:24:56,347 - modules.facebook_scraper - [INFO] [C:\Users\erica\Documents\API-Facebook_pagina_web\modules\facebook_scraper.py:117] - Se obtuvieron 0 posts/comentarios para https://www.facebook.com/profeMikhailKrasnov - [11900:8712]
2024-09-07 16:24:56,348 - modules.facebook_scraper - [INFO] [C:\Users\erica\Documents\API-Facebook_pagina_web\modules\facebook_scraper.py:114] - Scraping https://www.facebook.com/groups/164639504222784 - [11900:8712]
2024-09-07 16:25:14,831 - modules.facebook_scraper - [INFO] [C:\Users\erica\Documents\API-Facebook_pagina_web\modules\facebook_scraper.py:117] - Se obtuvieron 0 posts/comentarios para https://www.facebook.com/groups/164639504222784 - [11900:8712]
2024-09-07 16:25:14,831 - modules.facebook_scraper - [INFO] [C:\Users\erica\Documents\API-Facebook_pagina_web\modules\facebook_scraper.py:114] - Scraping https://www.facebook.com/positivafmradio - [11900:8712]
2024-09-07 16:26:29,478 - modules.facebook_scraper - [INFO] [C:\Users\erica\Documents\API-Facebook_pagina_web\modules\facebook_scraper.py:117] - Se obtuvieron 0 posts/comentarios para https://www.facebook.com/positivafmradio - [11900:8712]
2024-09-07 16:26:29,478 - modules.facebook_scraper - [INFO] [C:\Users\erica\Documents\API-Facebook_pagina_web\modules\facebook_scraper.py:114] - Scraping https://www.facebook.com/groups/6669773836451212 - [11900:8712]
2024-09-07 16:27:48,156 - modules.facebook_scraper - [INFO] [C:\Users\erica\Documents\API-Facebook_pagina_web\modules\facebook_scraper.py:117] - Se obtuvieron 0 posts/comentarios para https://www.facebook.com/groups/6669773836451212 - [11900:8712]
2024-09-07 16:27:50,511 - modules.facebook_scraper - [INFO] [C:\Users\erica\Documents\API-Facebook_pagina_web\modules\facebook_scraper.py:121] - Todos los datos han sido extraídos - [11900:8712]
2024-09-07 16:40:28,110 - modules.facebook_scraper - [INFO] [C:\Users\erica\Documents\API-Facebook_pagina_web\modules\facebook_scraper.py:114] - Scraping https://www.facebook.com/profeMikhailKrasnov - [1240:2172]
2024-09-07 16:42:05,593 - modules.facebook_scraper - [INFO] [C:\Users\erica\Documents\API-Facebook_pagina_web\modules\facebook_scraper.py:117] - Se obtuvieron 0 posts/comentarios para https://www.facebook.com/profeMikhailKrasnov - [1240:2172]
2024-09-07 16:42:05,594 - modules.facebook_scraper - [INFO] [C:\Users\erica\Documents\API-Facebook_pagina_web\modules\facebook_scraper.py:114] - Scraping https://www.facebook.com/groups/164639504222784 - [1240:2172]
2024-09-07 16:42:22,549 - modules.facebook_scraper - [INFO] [C:\Users\erica\Documents\API-Facebook_pagina_web\modules\facebook_scraper.py:117] - Se obtuvieron 0 posts/comentarios para https://www.facebook.com/groups/164639504222784 - [1240:2172]
2024-09-07 16:42:22,549 - modules.facebook_scraper - [INFO] [C:\Users\erica\Documents\API-Facebook_pagina_web\modules\facebook_scraper.py:114] - Scraping https://www.facebook.com/positivafmradio - [1240:2172]
2024-09-07 16:43:31,991 - modules.facebook_scraper - [INFO] [C:\Users\erica\Documents\API-Facebook_pagina_web\modules\facebook_scraper.py:117] - Se obtuvieron 0 posts/comentarios para https://www.facebook.com/positivafmradio - [1240:2172]
2024-09-07 16:43:31,991 - modules.facebook_scraper - [INFO] [C:\Users\erica\Documents\API-Facebook_pagina_web\modules\facebook_scraper.py:114] - Scraping https://www.facebook.com/groups/6669773836451212 - [1240:2172]
2024-09-07 16:44:46,006 - modules.facebook_scraper - [INFO] [C:\Users\erica\Documents\API-Facebook_pagina_web\modules\facebook_scraper.py:117] - Se obtuvieron 0 posts/comentarios para https://www.facebook.com/groups/6669773836451212 - [1240:2172]
2024-09-07 16:44:48,343 - modules.facebook_scraper - [INFO] [C:\Users\erica\Documents\API-Facebook_pagina_web\modules\facebook_scraper.py:121] - Todos los datos han sido extraídos - [1240:2172]
2024-09-07 17:25:15,791 - modules.facebook_scraper - [INFO] [C:\Users\erica\Documents\API-Facebook_pagina_web\modules\facebook_scraper.py:114] - Scraping https://www.facebook.com/profeMikhailKrasnov - [16240:14232]
2024-09-07 17:26:27,490 - modules.facebook_scraper - [INFO] [C:\Users\erica\Documents\API-Facebook_pagina_web\modules\facebook_scraper.py:117] - Se obtuvieron 0 posts/comentarios para https://www.facebook.com/profeMikhailKrasnov - [16240:14232]
2024-09-07 17:26:27,490 - modules.facebook_scraper - [INFO] [C:\Users\erica\Documents\API-Facebook_pagina_web\modules\facebook_scraper.py:114] - Scraping https://www.facebook.com/groups/164639504222784 - [16240:14232]
2024-09-07 17:26:37,356 - modules.facebook_scraper - [INFO] [C:\Users\erica\Documents\API-Facebook_pagina_web\modules\facebook_scraper.py:117] - Se obtuvieron 0 posts/comentarios para https://www.facebook.com/groups/164639504222784 - [16240:14232]
2024-09-07 17:26:37,356 - modules.facebook_scraper - [INFO] [C:\Users\erica\Documents\API-Facebook_pagina_web\modules\facebook_scraper.py:114] - Scraping https://www.facebook.com/positivafmradio - [16240:14232]
2024-09-07 17:27:47,635 - modules.facebook_scraper - [INFO] [C:\Users\erica\Documents\API-Facebook_pagina_web\modules\facebook_scraper.py:117] - Se obtuvieron 0 posts/comentarios para https://www.facebook.com/positivafmradio - [16240:14232]
2024-09-07 17:27:47,635 - modules.facebook_scraper - [INFO] [C:\Users\erica\Documents\API-Facebook_pagina_web\modules\facebook_scraper.py:114] - Scraping https://www.facebook.com/groups/6669773836451212 - [16240:14232]
2024-09-07 17:28:55,817 - modules.facebook_scraper - [INFO] [C:\Users\erica\Documents\API-Facebook_pagina_web\modules\facebook_scraper.py:117] - Se obtuvieron 0 posts/comentarios para https://www.facebook.com/groups/6669773836451212 - [16240:14232]
2024-09-07 17:28:58,305 - modules.facebook_scraper - [INFO] [C:\Users\erica\Documents\API-Facebook_pagina_web\modules\facebook_scraper.py:121] - Todos los datos han sido extraídos - [16240:14232]
2024-09-07 18:26:09,780 - modules.facebook_scraper - [INFO] [C:\Users\erica\Documents\API-Facebook_pagina_web\modules\facebook_scraper.py:114] - Scraping https://www.facebook.com/profeMikhailKrasnov - [14272:15680]
2024-09-07 18:27:20,824 - modules.facebook_scraper - [INFO] [C:\Users\erica\Documents\API-Facebook_pagina_web\modules\facebook_scraper.py:117] - Se obtuvieron 0 posts/comentarios para https://www.facebook.com/profeMikhailKrasnov - [14272:15680]
2024-09-07 18:27:20,843 - modules.facebook_scraper - [INFO] [C:\Users\erica\Documents\API-Facebook_pagina_web\modules\facebook_scraper.py:114] - Scraping https://www.facebook.com/groups/164639504222784 - [14272:15680]
2024-09-07 18:27:31,578 - modules.facebook_scraper - [INFO] [C:\Users\erica\Documents\API-Facebook_pagina_web\modules\facebook_scraper.py:117] - Se obtuvieron 0 posts/comentarios para https://www.facebook.com/groups/164639504222784 - [14272:15680]
2024-09-07 18:27:31,585 - modules.facebook_scraper - [INFO] [C:\Users\erica\Documents\API-Facebook_pagina_web\modules\facebook_scraper.py:114] - Scraping https://www.facebook.com/positivafmradio - [14272:15680]
2024-09-07 18:28:25,973 - modules.facebook_scraper - [ERROR] [C:\Users\erica\Documents\API-Facebook_pagina_web\modules\facebook_scraper.py:91] - Error scraping posts: Message: disconnected: not connected to DevTools
  (failed to check if window was closed: disconnected: not connected to DevTools)
  (Session info: chrome=128.0.6613.120)
Stacktrace:
	GetHandleVerifier [0x00007FF625BCB5D2+29090]
	(No symbol) [0x00007FF625B3E689]
	(No symbol) [0x00007FF6259FB1CA]
	(No symbol) [0x00007FF6259E28FC]
	(No symbol) [0x00007FF6259E27C0]
	(No symbol) [0x00007FF6259FDAB1]
	(No symbol) [0x00007FF625A95F09]
	(No symbol) [0x00007FF625A76493]
	(No symbol) [0x00007FF625A409B1]
	(No symbol) [0x00007FF625A41B11]
	GetHandleVerifier [0x00007FF625EE8C5D+3295277]
	GetHandleVerifier [0x00007FF625F34843+3605523]
	GetHandleVerifier [0x00007FF625F2A707+3564247]
	GetHandleVerifier [0x00007FF625C86EB6+797318]
	(No symbol) [0x00007FF625B4980F]
	(No symbol) [0x00007FF625B453F4]
	(No symbol) [0x00007FF625B45580]
	(No symbol) [0x00007FF625B34A1F]
	BaseThreadInitThunk [0x00007FF9489C7374+20]
	RtlUserThreadStart [0x00007FF949E5CC91+33]
 - [14272:15680]
2024-09-07 18:28:25,977 - modules.facebook_scraper - [INFO] [C:\Users\erica\Documents\API-Facebook_pagina_web\modules\facebook_scraper.py:117] - Se obtuvieron 0 posts/comentarios para https://www.facebook.com/positivafmradio - [14272:15680]
2024-09-07 18:28:25,978 - modules.facebook_scraper - [INFO] [C:\Users\erica\Documents\API-Facebook_pagina_web\modules\facebook_scraper.py:114] - Scraping https://www.facebook.com/groups/6669773836451212 - [14272:15680]
2024-09-07 18:28:35,874 - modules.facebook_scraper - [INFO] [C:\Users\erica\Documents\API-Facebook_pagina_web\modules\facebook_scraper.py:114] - Scraping https://www.facebook.com/profeMikhailKrasnov - [14272:4712]
2024-09-07 18:28:41,262 - modules.facebook_scraper - [ERROR] [C:\Users\erica\Documents\API-Facebook_pagina_web\modules\facebook_scraper.py:91] - Error scraping posts: Message: no such window: target window already closed
from unknown error: web view not found
  (Session info: chrome=128.0.6613.120)
Stacktrace:
	GetHandleVerifier [0x00007FF625BCB5D2+29090]
	(No symbol) [0x00007FF625B3E689]
	(No symbol) [0x00007FF6259FB1CA]
	(No symbol) [0x00007FF6259CFAF5]
	(No symbol) [0x00007FF625A7E2E7]
	(No symbol) [0x00007FF625A95EE1]
	(No symbol) [0x00007FF625A76493]
	(No symbol) [0x00007FF625A409B1]
	(No symbol) [0x00007FF625A41B11]
	GetHandleVerifier [0x00007FF625EE8C5D+3295277]
	GetHandleVerifier [0x00007FF625F34843+3605523]
	GetHandleVerifier [0x00007FF625F2A707+3564247]
	GetHandleVerifier [0x00007FF625C86EB6+797318]
	(No symbol) [0x00007FF625B4980F]
	(No symbol) [0x00007FF625B453F4]
	(No symbol) [0x00007FF625B45580]
	(No symbol) [0x00007FF625B34A1F]
	BaseThreadInitThunk [0x00007FF9489C7374+20]
	RtlUserThreadStart [0x00007FF949E5CC91+33]
 - [14272:4712]
2024-09-07 18:28:41,266 - modules.facebook_scraper - [INFO] [C:\Users\erica\Documents\API-Facebook_pagina_web\modules\facebook_scraper.py:117] - Se obtuvieron 0 posts/comentarios para https://www.facebook.com/profeMikhailKrasnov - [14272:4712]
2024-09-07 18:28:41,269 - modules.facebook_scraper - [INFO] [C:\Users\erica\Documents\API-Facebook_pagina_web\modules\facebook_scraper.py:114] - Scraping https://www.facebook.com/groups/164639504222784 - [14272:4712]
2024-09-07 19:21:50,170 - modules.facebook_scraper - [INFO] [C:\Users\erica\Documents\API-Facebook_pagina_web\modules\facebook_scraper.py:114] - Scraping https://www.facebook.com/profeMikhailKrasnov - [9068:18404]
2024-09-07 19:22:59,643 - modules.facebook_scraper - [ERROR] [C:\Users\erica\Documents\API-Facebook_pagina_web\modules\facebook_scraper.py:91] - Error scraping posts: Message: disconnected: not connected to DevTools
  (failed to check if window was closed: disconnected: not connected to DevTools)
  (Session info: chrome=128.0.6613.120)
Stacktrace:
	GetHandleVerifier [0x00007FF66F74B5D2+29090]
	(No symbol) [0x00007FF66F6BE689]
	(No symbol) [0x00007FF66F57B1CA]
	(No symbol) [0x00007FF66F5628FC]
	(No symbol) [0x00007FF66F5627C0]
	(No symbol) [0x00007FF66F57DAB1]
	(No symbol) [0x00007FF66F615F09]
	(No symbol) [0x00007FF66F5F6493]
	(No symbol) [0x00007FF66F5C09B1]
	(No symbol) [0x00007FF66F5C1B11]
	GetHandleVerifier [0x00007FF66FA68C5D+3295277]
	GetHandleVerifier [0x00007FF66FAB4843+3605523]
	GetHandleVerifier [0x00007FF66FAAA707+3564247]
	GetHandleVerifier [0x00007FF66F806EB6+797318]
	(No symbol) [0x00007FF66F6C980F]
	(No symbol) [0x00007FF66F6C53F4]
	(No symbol) [0x00007FF66F6C5580]
	(No symbol) [0x00007FF66F6B4A1F]
	BaseThreadInitThunk [0x00007FF9489C7374+20]
	RtlUserThreadStart [0x00007FF949E5CC91+33]
 - [9068:18404]
2024-09-07 19:22:59,651 - modules.facebook_scraper - [INFO] [C:\Users\erica\Documents\API-Facebook_pagina_web\modules\facebook_scraper.py:117] - Se obtuvieron 0 posts/comentarios para https://www.facebook.com/profeMikhailKrasnov - [9068:18404]
2024-09-07 19:22:59,654 - modules.facebook_scraper - [INFO] [C:\Users\erica\Documents\API-Facebook_pagina_web\modules\facebook_scraper.py:114] - Scraping https://www.facebook.com/groups/164639504222784 - [9068:18404]
2024-09-07 19:22:59,942 - modules.facebook_scraper - [INFO] [C:\Users\erica\Documents\API-Facebook_pagina_web\modules\facebook_scraper.py:114] - Scraping https://www.facebook.com/profeMikhailKrasnov - [9068:18320]
2024-09-07 19:24:10,316 - modules.facebook_scraper - [INFO] [C:\Users\erica\Documents\API-Facebook_pagina_web\modules\facebook_scraper.py:117] - Se obtuvieron 0 posts/comentarios para https://www.facebook.com/profeMikhailKrasnov - [9068:18320]
2024-09-07 19:24:10,316 - modules.facebook_scraper - [INFO] [C:\Users\erica\Documents\API-Facebook_pagina_web\modules\facebook_scraper.py:114] - Scraping https://www.facebook.com/groups/164639504222784 - [9068:18320]
2024-09-07 19:24:20,591 - modules.facebook_scraper - [INFO] [C:\Users\erica\Documents\API-Facebook_pagina_web\modules\facebook_scraper.py:117] - Se obtuvieron 0 posts/comentarios para https://www.facebook.com/groups/164639504222784 - [9068:18320]
2024-09-07 19:24:20,591 - modules.facebook_scraper - [INFO] [C:\Users\erica\Documents\API-Facebook_pagina_web\modules\facebook_scraper.py:114] - Scraping https://www.facebook.com/positivafmradio - [9068:18320]
2024-09-07 19:25:30,285 - modules.facebook_scraper - [INFO] [C:\Users\erica\Documents\API-Facebook_pagina_web\modules\facebook_scraper.py:117] - Se obtuvieron 0 posts/comentarios para https://www.facebook.com/positivafmradio - [9068:18320]
2024-09-07 19:25:30,288 - modules.facebook_scraper - [INFO] [C:\Users\erica\Documents\API-Facebook_pagina_web\modules\facebook_scraper.py:114] - Scraping https://www.facebook.com/groups/6669773836451212 - [9068:18320]
2024-09-07 19:26:41,658 - modules.facebook_scraper - [INFO] [C:\Users\erica\Documents\API-Facebook_pagina_web\modules\facebook_scraper.py:117] - Se obtuvieron 0 posts/comentarios para https://www.facebook.com/groups/6669773836451212 - [9068:18320]
2024-09-07 19:26:44,190 - modules.facebook_scraper - [INFO] [C:\Users\erica\Documents\API-Facebook_pagina_web\modules\facebook_scraper.py:121] - Todos los datos han sido extraídos - [9068:18320]
2024-09-07 19:27:25,559 - modules.facebook_scraper - [INFO] [C:\Users\erica\Documents\API-Facebook_pagina_web\modules\facebook_scraper.py:114] - Scraping https://www.facebook.com/profeMikhailKrasnov - [9068:9596]
2024-09-07 19:27:50,507 - modules.facebook_scraper - [INFO] [C:\Users\erica\Documents\API-Facebook_pagina_web\modules\facebook_scraper.py:117] - Se obtuvieron 0 posts/comentarios para https://www.facebook.com/profeMikhailKrasnov - [9068:9596]
2024-09-07 19:27:50,507 - modules.facebook_scraper - [INFO] [C:\Users\erica\Documents\API-Facebook_pagina_web\modules\facebook_scraper.py:114] - Scraping https://www.facebook.com/groups/164639504222784 - [9068:9596]
2024-09-07 19:28:00,684 - modules.facebook_scraper - [INFO] [C:\Users\erica\Documents\API-Facebook_pagina_web\modules\facebook_scraper.py:117] - Se obtuvieron 0 posts/comentarios para https://www.facebook.com/groups/164639504222784 - [9068:9596]
2024-09-07 19:28:00,684 - modules.facebook_scraper - [INFO] [C:\Users\erica\Documents\API-Facebook_pagina_web\modules\facebook_scraper.py:114] - Scraping https://www.facebook.com/positivafmradio - [9068:9596]
2024-09-07 19:28:12,496 - modules.facebook_scraper - [INFO] [C:\Users\erica\Documents\API-Facebook_pagina_web\modules\facebook_scraper.py:117] - Se obtuvieron 0 posts/comentarios para https://www.facebook.com/positivafmradio - [9068:9596]
2024-09-07 19:28:12,497 - modules.facebook_scraper - [INFO] [C:\Users\erica\Documents\API-Facebook_pagina_web\modules\facebook_scraper.py:114] - Scraping https://www.facebook.com/groups/6669773836451212 - [9068:9596]
2024-09-07 19:28:23,557 - modules.facebook_scraper - [INFO] [C:\Users\erica\Documents\API-Facebook_pagina_web\modules\facebook_scraper.py:117] - Se obtuvieron 0 posts/comentarios para https://www.facebook.com/groups/6669773836451212 - [9068:9596]
2024-09-07 19:28:25,967 - modules.facebook_scraper - [INFO] [C:\Users\erica\Documents\API-Facebook_pagina_web\modules\facebook_scraper.py:121] - Todos los datos han sido extraídos - [9068:9596]
2024-09-21 18:05:24,877 - modules.facebook_scraper - [INFO] [C:\Users\erica\Documents\API-Facebook_pagina_web\modules\facebook_scraper.py:114] - Scraping https://www.facebook.com/profeMikhailKrasnov - [8696:9228]
2024-09-21 18:06:37,643 - modules.facebook_scraper - [INFO] [C:\Users\erica\Documents\API-Facebook_pagina_web\modules\facebook_scraper.py:117] - Se obtuvieron 0 posts/comentarios para https://www.facebook.com/profeMikhailKrasnov - [8696:9228]
2024-09-21 18:06:37,643 - modules.facebook_scraper - [INFO] [C:\Users\erica\Documents\API-Facebook_pagina_web\modules\facebook_scraper.py:114] - Scraping https://www.facebook.com/groups/164639504222784 - [8696:9228]
2024-09-21 18:06:47,683 - modules.facebook_scraper - [INFO] [C:\Users\erica\Documents\API-Facebook_pagina_web\modules\facebook_scraper.py:117] - Se obtuvieron 0 posts/comentarios para https://www.facebook.com/groups/164639504222784 - [8696:9228]
2024-09-21 18:06:47,683 - modules.facebook_scraper - [INFO] [C:\Users\erica\Documents\API-Facebook_pagina_web\modules\facebook_scraper.py:114] - Scraping https://www.facebook.com/positivafmradio - [8696:9228]
2024-09-21 18:07:58,453 - modules.facebook_scraper - [INFO] [C:\Users\erica\Documents\API-Facebook_pagina_web\modules\facebook_scraper.py:117] - Se obtuvieron 0 posts/comentarios para https://www.facebook.com/positivafmradio - [8696:9228]
2024-09-21 18:07:58,454 - modules.facebook_scraper - [INFO] [C:\Users\erica\Documents\API-Facebook_pagina_web\modules\facebook_scraper.py:114] - Scraping https://www.facebook.com/groups/6669773836451212 - [8696:9228]
2024-09-21 18:09:09,424 - modules.facebook_scraper - [INFO] [C:\Users\erica\Documents\API-Facebook_pagina_web\modules\facebook_scraper.py:117] - Se obtuvieron 0 posts/comentarios para https://www.facebook.com/groups/6669773836451212 - [8696:9228]
2024-09-21 18:09:11,751 - modules.facebook_scraper - [INFO] [C:\Users\erica\Documents\API-Facebook_pagina_web\modules\facebook_scraper.py:121] - Todos los datos han sido extraídos - [8696:9228]
2024-09-21 20:44:07,942 - modules.facebook_scraper - [INFO] [C:\Users\erica\Documents\API-Facebook_pagina_web\modules\facebook_scraper.py:114] - Scraping https://www.facebook.com/profeMikhailKrasnov - [916:10844]
2024-09-21 20:44:19,772 - modules.facebook_scraper - [ERROR] [C:\Users\erica\Documents\API-Facebook_pagina_web\modules\facebook_scraper.py:91] - Error scraping posts: Message: no such window: target window already closed
from unknown error: web view not found
  (Session info: chrome=128.0.6613.138)
Stacktrace:
	GetHandleVerifier [0x00007FF6517F9412+29090]
	(No symbol) [0x00007FF65176E239]
	(No symbol) [0x00007FF65162B1DA]
	(No symbol) [0x00007FF6515FFAF5]
	(No symbol) [0x00007FF6516AE2C7]
	(No symbol) [0x00007FF6516C5EB1]
	(No symbol) [0x00007FF6516A6493]
	(No symbol) [0x00007FF6516709D1]
	(No symbol) [0x00007FF651671B31]
	GetHandleVerifier [0x00007FF651B1871D+3302573]
	GetHandleVerifier [0x00007FF651B64243+3612627]
	GetHandleVerifier [0x00007FF651B5A417+3572135]
	GetHandleVerifier [0x00007FF6518B5EB6+801862]
	(No symbol) [0x00007FF65177945F]
	(No symbol) [0x00007FF651774FB4]
	(No symbol) [0x00007FF651775140]
	(No symbol) [0x00007FF65176461F]
	BaseThreadInitThunk [0x00007FF860F47374+20]
	RtlUserThreadStart [0x00007FF86195CC91+33]
 - [916:10844]
2024-09-21 20:44:19,777 - modules.facebook_scraper - [INFO] [C:\Users\erica\Documents\API-Facebook_pagina_web\modules\facebook_scraper.py:117] - Se obtuvieron 0 posts/comentarios para https://www.facebook.com/profeMikhailKrasnov - [916:10844]
2024-09-21 20:44:19,777 - modules.facebook_scraper - [INFO] [C:\Users\erica\Documents\API-Facebook_pagina_web\modules\facebook_scraper.py:114] - Scraping https://www.facebook.com/groups/164639504222784 - [916:10844]
2024-09-21 20:49:55,522 - modules.facebook_scraper - [INFO] [C:\Users\erica\Documents\API-Facebook_pagina_web\modules\facebook_scraper.py:114] - Scraping https://www.facebook.com/profeMikhailKrasnov - [11144:9396]
2024-09-21 20:50:04,614 - modules.facebook_scraper - [ERROR] [C:\Users\erica\Documents\API-Facebook_pagina_web\modules\facebook_scraper.py:91] - Error scraping posts: Message: no such window: target window already closed
from unknown error: web view not found
  (Session info: chrome=128.0.6613.138)
Stacktrace:
	GetHandleVerifier [0x00007FF6517F9412+29090]
	(No symbol) [0x00007FF65176E239]
	(No symbol) [0x00007FF65162B1DA]
	(No symbol) [0x00007FF6515FFAF5]
	(No symbol) [0x00007FF6516AE2C7]
	(No symbol) [0x00007FF6516C5EB1]
	(No symbol) [0x00007FF6516A6493]
	(No symbol) [0x00007FF6516709D1]
	(No symbol) [0x00007FF651671B31]
	GetHandleVerifier [0x00007FF651B1871D+3302573]
	GetHandleVerifier [0x00007FF651B64243+3612627]
	GetHandleVerifier [0x00007FF651B5A417+3572135]
	GetHandleVerifier [0x00007FF6518B5EB6+801862]
	(No symbol) [0x00007FF65177945F]
	(No symbol) [0x00007FF651774FB4]
	(No symbol) [0x00007FF651775140]
	(No symbol) [0x00007FF65176461F]
	BaseThreadInitThunk [0x00007FF860F47374+20]
	RtlUserThreadStart [0x00007FF86195CC91+33]
 - [11144:9396]
2024-09-21 20:50:04,624 - modules.facebook_scraper - [INFO] [C:\Users\erica\Documents\API-Facebook_pagina_web\modules\facebook_scraper.py:117] - Se obtuvieron 0 posts/comentarios para https://www.facebook.com/profeMikhailKrasnov - [11144:9396]
2024-09-21 20:50:04,624 - modules.facebook_scraper - [INFO] [C:\Users\erica\Documents\API-Facebook_pagina_web\modules\facebook_scraper.py:114] - Scraping https://www.facebook.com/groups/164639504222784 - [11144:9396]
2024-09-21 20:50:36,666 - modules.facebook_scraper - [INFO] [C:\Users\erica\Documents\API-Facebook_pagina_web\modules\facebook_scraper.py:114] - Scraping https://www.facebook.com/profeMikhailKrasnov - [11144:11028]
2024-09-21 20:51:49,885 - modules.facebook_scraper - [INFO] [C:\Users\erica\Documents\API-Facebook_pagina_web\modules\facebook_scraper.py:117] - Se obtuvieron 0 posts/comentarios para https://www.facebook.com/profeMikhailKrasnov - [11144:11028]
2024-09-21 20:51:49,888 - modules.facebook_scraper - [INFO] [C:\Users\erica\Documents\API-Facebook_pagina_web\modules\facebook_scraper.py:114] - Scraping https://www.facebook.com/groups/164639504222784 - [11144:11028]
2024-09-21 20:52:06,547 - modules.facebook_scraper - [INFO] [C:\Users\erica\Documents\API-Facebook_pagina_web\modules\facebook_scraper.py:117] - Se obtuvieron 0 posts/comentarios para https://www.facebook.com/groups/164639504222784 - [11144:11028]
2024-09-21 20:52:06,547 - modules.facebook_scraper - [INFO] [C:\Users\erica\Documents\API-Facebook_pagina_web\modules\facebook_scraper.py:114] - Scraping https://www.facebook.com/positivafmradio - [11144:11028]
2024-09-21 20:53:17,881 - modules.facebook_scraper - [INFO] [C:\Users\erica\Documents\API-Facebook_pagina_web\modules\facebook_scraper.py:117] - Se obtuvieron 0 posts/comentarios para https://www.facebook.com/positivafmradio - [11144:11028]
2024-09-21 20:53:17,881 - modules.facebook_scraper - [INFO] [C:\Users\erica\Documents\API-Facebook_pagina_web\modules\facebook_scraper.py:114] - Scraping https://www.facebook.com/groups/6669773836451212 - [11144:11028]
2024-09-21 20:54:03,578 - modules.facebook_scraper - [INFO] [C:\Users\erica\Documents\API-Facebook_pagina_web\modules\facebook_scraper.py:117] - Se obtuvieron 0 posts/comentarios para https://www.facebook.com/groups/6669773836451212 - [11144:11028]
2024-09-21 20:54:06,011 - modules.facebook_scraper - [INFO] [C:\Users\erica\Documents\API-Facebook_pagina_web\modules\facebook_scraper.py:121] - Todos los datos han sido extraídos - [11144:11028]
2024-09-21 20:57:35,165 - modules.facebook_scraper - [INFO] [C:\Users\erica\Documents\API-Facebook_pagina_web\modules\facebook_scraper.py:114] - Scraping https://www.facebook.com/profeMikhailKrasnov - [11144:14232]
2024-09-27 22:06:47,788 - modules.facebook_scraper - [INFO] [C:\Users\erica\Documents\API-Facebook_pagina_web_original\modules\facebook_scraper.py:114] - Scraping https://www.facebook.com/profeMikhailKrasnov - [13828:15236]
2024-09-27 22:07:59,604 - modules.facebook_scraper - [INFO] [C:\Users\erica\Documents\API-Facebook_pagina_web_original\modules\facebook_scraper.py:117] - Se obtuvieron 0 posts/comentarios para https://www.facebook.com/profeMikhailKrasnov - [13828:15236]
2024-09-27 22:07:59,605 - modules.facebook_scraper - [INFO] [C:\Users\erica\Documents\API-Facebook_pagina_web_original\modules\facebook_scraper.py:114] - Scraping https://www.facebook.com/groups/164639504222784 - [13828:15236]
2024-09-27 22:08:09,492 - modules.facebook_scraper - [INFO] [C:\Users\erica\Documents\API-Facebook_pagina_web_original\modules\facebook_scraper.py:117] - Se obtuvieron 0 posts/comentarios para https://www.facebook.com/groups/164639504222784 - [13828:15236]
2024-09-27 22:08:09,493 - modules.facebook_scraper - [INFO] [C:\Users\erica\Documents\API-Facebook_pagina_web_original\modules\facebook_scraper.py:114] - Scraping https://www.facebook.com/positivafmradio - [13828:15236]
2024-09-27 22:09:22,286 - modules.facebook_scraper - [INFO] [C:\Users\erica\Documents\API-Facebook_pagina_web_original\modules\facebook_scraper.py:117] - Se obtuvieron 0 posts/comentarios para https://www.facebook.com/positivafmradio - [13828:15236]
2024-09-27 22:09:22,289 - modules.facebook_scraper - [INFO] [C:\Users\erica\Documents\API-Facebook_pagina_web_original\modules\facebook_scraper.py:114] - Scraping https://www.facebook.com/groups/6669773836451212 - [13828:15236]
2024-09-27 22:10:34,129 - modules.facebook_scraper - [INFO] [C:\Users\erica\Documents\API-Facebook_pagina_web_original\modules\facebook_scraper.py:117] - Se obtuvieron 0 posts/comentarios para https://www.facebook.com/groups/6669773836451212 - [13828:15236]
2024-09-27 22:10:36,429 - modules.facebook_scraper - [INFO] [C:\Users\erica\Documents\API-Facebook_pagina_web_original\modules\facebook_scraper.py:121] - Todos los datos han sido extraídos - [13828:15236]
